<?xml version="1.0" encoding="UTF-8"?>
<beans xmlns="http://www.springframework.org/schema/beans"
	xmlns:xsi="http://www.w3.org/2001/XMLSchema-instance" xmlns:context="http://www.springframework.org/schema/context"
	xmlns:tx="http://www.springframework.org/schema/tx" xmlns:aop="http://www.springframework.org/schema/aop"
	xsi:schemaLocation="http://www.springframework.org/schema/beans http://www.springframework.org/schema/beans/spring-beans-4.0.xsd
                            http://www.springframework.org/schema/context http://www.springframework.org/schema/context/spring-context-4.0.xsd
                            http://www.springframework.org/schema/aop http://www.springframework.org/schema/aop/spring-aop-4.0.xsd
                            http://www.springframework.org/schema/tx  http://www.springframework.org/schema/tx/spring-tx-4.0.xsd">



	<bean id="jedisPoolConfig" class="redis.clients.jedis.JedisPoolConfig">
		<property name="maxTotal" value="5" />
		<property name="maxIdle" value="1" />
		<property name="minIdle" value="0" />
	</bean>

	


	<bean id="jedisConnectionFactory"
		class="org.springframework.data.redis.connection.jedis.JedisConnectionFactory"
		destroy-method="destroy">
		<property name="hostName" value="${redis.servers}" />
		<property name="port" value="${redis.port:6379}" />
		<property name="timeout" value="15000" />
		<property name="database" value="0" />
		<property name="password" value="${redis.password}" />
		<property name="usePool" value="true" />
		<property name="poolConfig" ref="jedisPoolConfig" />
	</bean>

	<bean id="redisTemplate" class="org.springframework.data.redis.core.RedisTemplate">
		<property name="connectionFactory" ref="jedisConnectionFactory" />
		<property name="keySerializer">
			<bean class="org.springframework.data.redis.serializer.StringRedisSerializer" />
		</property>
		<property name="hashKeySerializer">
			<bean class="org.springframework.data.redis.serializer.StringRedisSerializer" />
		</property>
	</bean>

	<bean id="stringRedisTemplate" class="org.springframework.data.redis.core.StringRedisTemplate">
		<property name="connectionFactory" ref="jedisConnectionFactory" />
	</bean> 
	
	<bean id="redisCacheAdapter" class="com.mendmix.cache.adapter.RedisCacheAdapter">
	   <constructor-arg index="0" ref="redisTemplate" />
	   <constructor-arg index="1" ref="stringRedisTemplate" />
	</bean>
</beans>